<html>
<head>
<title>TestNG:  Regression Test</title>
<link href="../testng.css" rel="stylesheet" type="text/css" />
<link href="../my-testng.css" rel="stylesheet" type="text/css" />

<style type="text/css">
.log { display: none;} 
.stack-trace { display: none;} 
</style>
<script type="text/javascript">
<!--
function flip(e) {
  current = e.style.display;
  if (current == 'block') {
    e.style.display = 'none';
    return 0;
  }
  else {
    e.style.display = 'block';
    return 1;
  }
}

function toggleBox(szDivId, elem, msg1, msg2)
{
  var res = -1;  if (document.getElementById) {
    res = flip(document.getElementById(szDivId));
  }
  else if (document.all) {
    // this is the way old msie versions work
    res = flip(document.all[szDivId]);
  }
  if(elem) {
    if(res == 0) elem.innerHTML = msg1; else elem.innerHTML = msg2;
  }

}

function toggleAllBoxes() {
  if (document.getElementsByTagName) {
    d = document.getElementsByTagName('div');
    for (i = 0; i < d.length; i++) {
      if (d[i].className == 'log') {
        flip(d[i]);
      }
    }
  }
}

// -->
</script>

</head>
<body>
<h2 align='center'>Regression Test</h2><table border='1' align="center">
<tr>
<td>Tests passed/Failed/Skipped:</td><td>3/2/0</td>
</tr><tr>
<td>Started on:</td><td>Tue Dec 13 14:17:43 GMT 2022</td>
</tr>
<tr><td>Total time:</td><td>43 seconds (43397 ms)</td>
</tr><tr>
<td>Included groups:</td><td>regression </td>
</tr><tr>
<td>Excluded groups:</td><td></td>
</tr>
</table><p/>
<small><i>(Hover the method name to see the test class name)</i></small><p/>
<table width='100%' border='1' class='invocation-failed'>
<tr><td colspan='4' align='center'><b>FAILED TESTS</b></td></tr>
<tr><td><b>Test method</b></td>
<td width="30%"><b>Exception</b></td>
<td width="10%"><b>Time (seconds)</b></td>
<td><b>Instance</b></td>
</tr>
<tr>
<td title='com.way2automation.testsuite.BankTest.bankManagerShouldOpenAccountSuccessfully()'><b>bankManagerShouldOpenAccountSuccessfully</b><br>Test class: com.way2automation.testsuite.BankTest<br/>
<a href="#Output-1306085976" onClick='toggleBox("Output-1306085976", this, "Show output", "Hide output");'>Show output</a>

<a href="#Output-1306085976" onClick="toggleAllBoxes();">Show all outputs</a>
<div class='log' id="Output-1306085976">
Enter first name : [[ChromeDriver: chrome on WINDOWS (6eb1d05ad52278f936029989eab5b26d)] -> xpath: /html[1]/body[1]/div[3]/div[1]/div[2]/div[1]/div[2]/div[1]/div[1]/form[1]/div[1]/input[1]]<br/>
Enter last name : [[ChromeDriver: chrome on WINDOWS (6eb1d05ad52278f936029989eab5b26d)] -> xpath: //input[@placeholder='Last Name']]<br/>
Enter postcode : [[ChromeDriver: chrome on WINDOWS (6eb1d05ad52278f936029989eab5b26d)] -> xpath: //input[@placeholder='Post Code']]<br/>
Click on add customer button : [[ChromeDriver: chrome on WINDOWS (6eb1d05ad52278f936029989eab5b26d)] -> xpath: //button[text()='Add Customer']]<br/>
Click to see screenshot<br/>
<a target = "_blank" href=C:\Users\VidhiPrime\IdeaProjects\week15-page-factory-xyz-bank/test-output/html/bankManagerShouldOpenAccountSuccessfullyTue_Dec_13_14_17_55_GMT_2022.jpg>Screenshot</a><br/>
<br><br/>
<br><br/>
<a target = "_blank" href=C:\Users\VidhiPrime\IdeaProjects\week15-page-factory-xyz-bank/test-output/html/bankManagerShouldOpenAccountSuccessfullyTue_Dec_13_14_17_55_GMT_2022.jpg><img src=C:\Users\VidhiPrime\IdeaProjects\week15-page-factory-xyz-bank/test-output/html/bankManagerShouldOpenAccountSuccessfullyTue_Dec_13_14_17_55_GMT_2022.jpg height=200 width=200></img></a><br/>
</div>
</td>
<td><div><pre>org.openqa.selenium.StaleElementReferenceException: stale element reference: element is not attached to the page document
  (Session info: chrome=108.0.5359.99)
For documentation on this error, please visit: https://selenium.dev/exceptions/#stale_element_reference
Build info: version: &apos;4.6.0&apos;, revision: &apos;79f1c02ae20&apos;
System info: os.name: &apos;Windows 10&apos;, os.arch: &apos;amd64&apos;, os.version: &apos;10.0&apos;, java.version: &apos;1.8.0_121&apos;
Driver info: org.openqa.selenium.chrome.ChromeDriver
Command: [6eb1d05ad52278f936029989eab5b26d, clickElement {id=5ad33de4-52e2-4f19-a233-bcdb4118be69}]
Capabilities {acceptInsecureCerts: false, browserName: chrome, browserVersion: 108.0.5359.99, chrome: {chromedriverVersion: 108.0.5359.71 (1e0e3868ee06..., userDataDir: C:\Users\VIDHIP~1\AppData\L...}, goog:chromeOptions: {debuggerAddress: localhost:65117}, networkConnectionEnabled: false, pageLoadStrategy: normal, platformName: WINDOWS, proxy: Proxy(), se:cdp: ws://localhost:65117/devtoo..., se:cdpVersion: 108.0.5359.99, setWindowRect: true, strictFileInteractability: false, timeouts: {implicit: 0, pageLoad: 300000, script: 30000}, unhandledPromptBehavior: dismiss and notify, webauthn:extension:credBlob: true, webauthn:extension:largeBlob: true, webauthn:virtualAuthenticators: true}
Element: [[ChromeDriver: chrome on WINDOWS (6eb1d05ad52278f936029989eab5b26d)] -&gt; xpath: //button[text()=&apos;Bank Manager Login&apos;]]
Session ID: 6eb1d05ad52278f936029989eab5b26d
	at org.openqa.selenium.remote.codec.w3c.W3CHttpResponseCodec.createException(W3CHttpResponseCodec.java:200)
	at org.openqa.selenium.remote.codec.w3c.W3CHttpResponseCodec.decode(W3CHttpResponseCodec.java:133)
	at org.openqa.selenium.remote.codec.w3c.W3CHttpResponseCodec.decode(W3CHttpResponseCodec.java:53)
	at org.openqa.selenium.remote.HttpCommandExecutor.execute(HttpCommandExecutor.java:184)
	at org.openqa.selenium.remote.service.DriverCommandExecutor.invokeExecute(DriverCommandExecutor.java:167)
	at org.openqa.selenium.remote.service.DriverCommandExecutor.execute(DriverCommandExecutor.java:142)
	at org.openqa.selenium.remote.RemoteWebDriver.execute(RemoteWebDriver.java:541)
	at org.openqa.selenium.remote.RemoteWebElement.execute(RemoteWebElement.java:257)
	at org.openqa.selenium.remote.RemoteWebElement.click(RemoteWebElement.java:78)
	at org.openqa.selenium.support.pagefactory.internal.LocatingElementHandler.invoke(LocatingElementHandler.java:52)
	at com.sun.proxy.$Proxy16.click(Unknown Source)
	at com.way2automation.utility.Utility.clickOnElement(Utility.java:57)
	at com.way2automation.pages.HomePage.clickOnBankManagerLoginButton(HomePage.java:33)
	at com.way2automation.testsuite.BankTest.bankManagerShouldOpenAccountSuccessfully(BankTest.java:56)
	at java.util.ArrayList.forEach(ArrayList.java:1249)
	at com.intellij.rt.testng.IDEARemoteTestNG.run(IDEARemoteTestNG.java:66)
	at com.intellij.rt.testng.RemoteTestNGStarter.main(RemoteTestNGStarter.java:109)
... Removed 32 stack frames</pre></div><a href='#' onClick='toggleBox("stack-trace1306085976", this, "Click to show all stack frames", "Click to hide stack frames")'>Click to show all stack frames</a>
<div class='stack-trace' id='stack-trace1306085976'><pre>org.openqa.selenium.StaleElementReferenceException: stale element reference: element is not attached to the page document
  (Session info: chrome=108.0.5359.99)
For documentation on this error, please visit: https://selenium.dev/exceptions/#stale_element_reference
Build info: version: &apos;4.6.0&apos;, revision: &apos;79f1c02ae20&apos;
System info: os.name: &apos;Windows 10&apos;, os.arch: &apos;amd64&apos;, os.version: &apos;10.0&apos;, java.version: &apos;1.8.0_121&apos;
Driver info: org.openqa.selenium.chrome.ChromeDriver
Command: [6eb1d05ad52278f936029989eab5b26d, clickElement {id=5ad33de4-52e2-4f19-a233-bcdb4118be69}]
Capabilities {acceptInsecureCerts: false, browserName: chrome, browserVersion: 108.0.5359.99, chrome: {chromedriverVersion: 108.0.5359.71 (1e0e3868ee06..., userDataDir: C:\Users\VIDHIP~1\AppData\L...}, goog:chromeOptions: {debuggerAddress: localhost:65117}, networkConnectionEnabled: false, pageLoadStrategy: normal, platformName: WINDOWS, proxy: Proxy(), se:cdp: ws://localhost:65117/devtoo..., se:cdpVersion: 108.0.5359.99, setWindowRect: true, strictFileInteractability: false, timeouts: {implicit: 0, pageLoad: 300000, script: 30000}, unhandledPromptBehavior: dismiss and notify, webauthn:extension:credBlob: true, webauthn:extension:largeBlob: true, webauthn:virtualAuthenticators: true}
Element: [[ChromeDriver: chrome on WINDOWS (6eb1d05ad52278f936029989eab5b26d)] -&gt; xpath: //button[text()=&apos;Bank Manager Login&apos;]]
Session ID: 6eb1d05ad52278f936029989eab5b26d
	at sun.reflect.NativeConstructorAccessorImpl.newInstance0(Native Method)
	at sun.reflect.NativeConstructorAccessorImpl.newInstance(NativeConstructorAccessorImpl.java:62)
	at sun.reflect.DelegatingConstructorAccessorImpl.newInstance(DelegatingConstructorAccessorImpl.java:45)
	at java.lang.reflect.Constructor.newInstance(Constructor.java:423)
	at org.openqa.selenium.remote.codec.w3c.W3CHttpResponseCodec.createException(W3CHttpResponseCodec.java:200)
	at org.openqa.selenium.remote.codec.w3c.W3CHttpResponseCodec.decode(W3CHttpResponseCodec.java:133)
	at org.openqa.selenium.remote.codec.w3c.W3CHttpResponseCodec.decode(W3CHttpResponseCodec.java:53)
	at org.openqa.selenium.remote.HttpCommandExecutor.execute(HttpCommandExecutor.java:184)
	at org.openqa.selenium.remote.service.DriverCommandExecutor.invokeExecute(DriverCommandExecutor.java:167)
	at org.openqa.selenium.remote.service.DriverCommandExecutor.execute(DriverCommandExecutor.java:142)
	at org.openqa.selenium.remote.RemoteWebDriver.execute(RemoteWebDriver.java:541)
	at org.openqa.selenium.remote.RemoteWebElement.execute(RemoteWebElement.java:257)
	at org.openqa.selenium.remote.RemoteWebElement.click(RemoteWebElement.java:78)
	at sun.reflect.NativeMethodAccessorImpl.invoke0(Native Method)
	at sun.reflect.NativeMethodAccessorImpl.invoke(NativeMethodAccessorImpl.java:62)
	at sun.reflect.DelegatingMethodAccessorImpl.invoke(DelegatingMethodAccessorImpl.java:43)
	at java.lang.reflect.Method.invoke(Method.java:498)
	at org.openqa.selenium.support.pagefactory.internal.LocatingElementHandler.invoke(LocatingElementHandler.java:52)
	at com.sun.proxy.$Proxy16.click(Unknown Source)
	at com.way2automation.utility.Utility.clickOnElement(Utility.java:57)
	at com.way2automation.pages.HomePage.clickOnBankManagerLoginButton(HomePage.java:33)
	at com.way2automation.testsuite.BankTest.bankManagerShouldOpenAccountSuccessfully(BankTest.java:56)
	at sun.reflect.NativeMethodAccessorImpl.invoke0(Native Method)
	at sun.reflect.NativeMethodAccessorImpl.invoke(NativeMethodAccessorImpl.java:62)
	at sun.reflect.DelegatingMethodAccessorImpl.invoke(DelegatingMethodAccessorImpl.java:43)
	at java.lang.reflect.Method.invoke(Method.java:498)
	at org.testng.internal.invokers.MethodInvocationHelper.invokeMethod(MethodInvocationHelper.java:135)
	at org.testng.internal.invokers.TestInvoker.invokeMethod(TestInvoker.java:673)
	at org.testng.internal.invokers.TestInvoker.invokeTestMethod(TestInvoker.java:220)
	at org.testng.internal.invokers.MethodRunner.runInSequence(MethodRunner.java:50)
	at org.testng.internal.invokers.TestInvoker$MethodInvocationAgent.invoke(TestInvoker.java:945)
	at org.testng.internal.invokers.TestInvoker.invokeTestMethods(TestInvoker.java:193)
	at org.testng.internal.invokers.TestMethodWorker.invokeTestMethods(TestMethodWorker.java:146)
	at org.testng.internal.invokers.TestMethodWorker.run(TestMethodWorker.java:128)
	at java.util.ArrayList.forEach(ArrayList.java:1249)
	at org.testng.TestRunner.privateRun(TestRunner.java:808)
	at org.testng.TestRunner.run(TestRunner.java:603)
	at org.testng.SuiteRunner.runTest(SuiteRunner.java:429)
	at org.testng.SuiteRunner.runSequentially(SuiteRunner.java:423)
	at org.testng.SuiteRunner.privateRun(SuiteRunner.java:383)
	at org.testng.SuiteRunner.run(SuiteRunner.java:326)
	at org.testng.SuiteRunnerWorker.runSuite(SuiteRunnerWorker.java:52)
	at org.testng.SuiteRunnerWorker.run(SuiteRunnerWorker.java:95)
	at org.testng.TestNG.runSuitesSequentially(TestNG.java:1249)
	at org.testng.TestNG.runSuitesLocally(TestNG.java:1169)
	at org.testng.TestNG.runSuites(TestNG.java:1092)
	at org.testng.TestNG.run(TestNG.java:1060)
	at com.intellij.rt.testng.IDEARemoteTestNG.run(IDEARemoteTestNG.java:66)
	at com.intellij.rt.testng.RemoteTestNGStarter.main(RemoteTestNGStarter.java:109)
</pre></div></td>
<td>2</td>
<td>com.way2automation.testsuite.BankTest@4493d195</td></tr>
<tr>
<td title='com.way2automation.testsuite.BankTest.customerShouldWithdrawMoneySuccessfully()'><b>customerShouldWithdrawMoneySuccessfully</b><br>Test class: com.way2automation.testsuite.BankTest<br/>
<a href="#Output-862486751" onClick='toggleBox("Output-862486751", this, "Show output", "Hide output");'>Show output</a>

<a href="#Output-862486751" onClick="toggleAllBoxes();">Show all outputs</a>
<div class='log' id="Output-862486751">
click on deposit button [[ChromeDriver: chrome on WINDOWS (d9fcabd87a17a5127954171fe66bc848)] -> xpath: //button[@ng-click='deposit()']]<br/>
Enter amount : [[ChromeDriver: chrome on WINDOWS (d9fcabd87a17a5127954171fe66bc848)] -> xpath: //input[@placeholder='amount']]<br/>
Click on deposit button [[ChromeDriver: chrome on WINDOWS (d9fcabd87a17a5127954171fe66bc848)] -> xpath: //body/div[3]/div[1]/div[2]/div[1]/div[4]/div[1]/form[1]/button[1]]<br/>
Click to see screenshot<br/>
<a target = "_blank" href=C:\Users\VidhiPrime\IdeaProjects\week15-page-factory-xyz-bank/test-output/html/customerShouldWithdrawMoneySuccessfullyTue_Dec_13_14_18_26_GMT_2022.jpg>Screenshot</a><br/>
<br><br/>
<br><br/>
<a target = "_blank" href=C:\Users\VidhiPrime\IdeaProjects\week15-page-factory-xyz-bank/test-output/html/customerShouldWithdrawMoneySuccessfullyTue_Dec_13_14_18_26_GMT_2022.jpg><img src=C:\Users\VidhiPrime\IdeaProjects\week15-page-factory-xyz-bank/test-output/html/customerShouldWithdrawMoneySuccessfullyTue_Dec_13_14_18_26_GMT_2022.jpg height=200 width=200></img></a><br/>
</div>
</td>
<td><div><pre>org.openqa.selenium.StaleElementReferenceException: stale element reference: element is not attached to the page document
  (Session info: chrome=108.0.5359.99)
For documentation on this error, please visit: https://selenium.dev/exceptions/#stale_element_reference
Build info: version: &apos;4.6.0&apos;, revision: &apos;79f1c02ae20&apos;
System info: os.name: &apos;Windows 10&apos;, os.arch: &apos;amd64&apos;, os.version: &apos;10.0&apos;, java.version: &apos;1.8.0_121&apos;
Driver info: org.openqa.selenium.chrome.ChromeDriver
Command: [d9fcabd87a17a5127954171fe66bc848, clickElement {id=fdcbbd31-7908-45ba-8f58-6fb5db9521d4}]
Capabilities {acceptInsecureCerts: false, browserName: chrome, browserVersion: 108.0.5359.99, chrome: {chromedriverVersion: 108.0.5359.71 (1e0e3868ee06..., userDataDir: C:\Users\VIDHIP~1\AppData\L...}, goog:chromeOptions: {debuggerAddress: localhost:65203}, networkConnectionEnabled: false, pageLoadStrategy: normal, platformName: WINDOWS, proxy: Proxy(), se:cdp: ws://localhost:65203/devtoo..., se:cdpVersion: 108.0.5359.99, setWindowRect: true, strictFileInteractability: false, timeouts: {implicit: 0, pageLoad: 300000, script: 30000}, unhandledPromptBehavior: dismiss and notify, webauthn:extension:credBlob: true, webauthn:extension:largeBlob: true, webauthn:virtualAuthenticators: true}
Element: [[ChromeDriver: chrome on WINDOWS (d9fcabd87a17a5127954171fe66bc848)] -&gt; xpath: //button[contains(text(),&apos;Customer Login&apos;)]]
Session ID: d9fcabd87a17a5127954171fe66bc848
	at org.openqa.selenium.remote.codec.w3c.W3CHttpResponseCodec.createException(W3CHttpResponseCodec.java:200)
	at org.openqa.selenium.remote.codec.w3c.W3CHttpResponseCodec.decode(W3CHttpResponseCodec.java:133)
	at org.openqa.selenium.remote.codec.w3c.W3CHttpResponseCodec.decode(W3CHttpResponseCodec.java:53)
	at org.openqa.selenium.remote.HttpCommandExecutor.execute(HttpCommandExecutor.java:184)
	at org.openqa.selenium.remote.service.DriverCommandExecutor.invokeExecute(DriverCommandExecutor.java:167)
	at org.openqa.selenium.remote.service.DriverCommandExecutor.execute(DriverCommandExecutor.java:142)
	at org.openqa.selenium.remote.RemoteWebDriver.execute(RemoteWebDriver.java:541)
	at org.openqa.selenium.remote.RemoteWebElement.execute(RemoteWebElement.java:257)
	at org.openqa.selenium.remote.RemoteWebElement.click(RemoteWebElement.java:78)
	at org.openqa.selenium.support.pagefactory.internal.LocatingElementHandler.invoke(LocatingElementHandler.java:52)
	at com.sun.proxy.$Proxy16.click(Unknown Source)
	at com.way2automation.utility.Utility.clickOnElement(Utility.java:57)
	at com.way2automation.pages.HomePage.clickOnCustomerLoginButton(HomePage.java:27)
	at com.way2automation.testsuite.BankTest.customerShouldWithdrawMoneySuccessfully(BankTest.java:120)
	at java.util.ArrayList.forEach(ArrayList.java:1249)
	at com.intellij.rt.testng.IDEARemoteTestNG.run(IDEARemoteTestNG.java:66)
	at com.intellij.rt.testng.RemoteTestNGStarter.main(RemoteTestNGStarter.java:109)
... Removed 31 stack frames</pre></div><a href='#' onClick='toggleBox("stack-trace862486751", this, "Click to show all stack frames", "Click to hide stack frames")'>Click to show all stack frames</a>
<div class='stack-trace' id='stack-trace862486751'><pre>org.openqa.selenium.StaleElementReferenceException: stale element reference: element is not attached to the page document
  (Session info: chrome=108.0.5359.99)
For documentation on this error, please visit: https://selenium.dev/exceptions/#stale_element_reference
Build info: version: &apos;4.6.0&apos;, revision: &apos;79f1c02ae20&apos;
System info: os.name: &apos;Windows 10&apos;, os.arch: &apos;amd64&apos;, os.version: &apos;10.0&apos;, java.version: &apos;1.8.0_121&apos;
Driver info: org.openqa.selenium.chrome.ChromeDriver
Command: [d9fcabd87a17a5127954171fe66bc848, clickElement {id=fdcbbd31-7908-45ba-8f58-6fb5db9521d4}]
Capabilities {acceptInsecureCerts: false, browserName: chrome, browserVersion: 108.0.5359.99, chrome: {chromedriverVersion: 108.0.5359.71 (1e0e3868ee06..., userDataDir: C:\Users\VIDHIP~1\AppData\L...}, goog:chromeOptions: {debuggerAddress: localhost:65203}, networkConnectionEnabled: false, pageLoadStrategy: normal, platformName: WINDOWS, proxy: Proxy(), se:cdp: ws://localhost:65203/devtoo..., se:cdpVersion: 108.0.5359.99, setWindowRect: true, strictFileInteractability: false, timeouts: {implicit: 0, pageLoad: 300000, script: 30000}, unhandledPromptBehavior: dismiss and notify, webauthn:extension:credBlob: true, webauthn:extension:largeBlob: true, webauthn:virtualAuthenticators: true}
Element: [[ChromeDriver: chrome on WINDOWS (d9fcabd87a17a5127954171fe66bc848)] -&gt; xpath: //button[contains(text(),&apos;Customer Login&apos;)]]
Session ID: d9fcabd87a17a5127954171fe66bc848
	at sun.reflect.NativeConstructorAccessorImpl.newInstance0(Native Method)
	at sun.reflect.NativeConstructorAccessorImpl.newInstance(NativeConstructorAccessorImpl.java:62)
	at sun.reflect.DelegatingConstructorAccessorImpl.newInstance(DelegatingConstructorAccessorImpl.java:45)
	at java.lang.reflect.Constructor.newInstance(Constructor.java:423)
	at org.openqa.selenium.remote.codec.w3c.W3CHttpResponseCodec.createException(W3CHttpResponseCodec.java:200)
	at org.openqa.selenium.remote.codec.w3c.W3CHttpResponseCodec.decode(W3CHttpResponseCodec.java:133)
	at org.openqa.selenium.remote.codec.w3c.W3CHttpResponseCodec.decode(W3CHttpResponseCodec.java:53)
	at org.openqa.selenium.remote.HttpCommandExecutor.execute(HttpCommandExecutor.java:184)
	at org.openqa.selenium.remote.service.DriverCommandExecutor.invokeExecute(DriverCommandExecutor.java:167)
	at org.openqa.selenium.remote.service.DriverCommandExecutor.execute(DriverCommandExecutor.java:142)
	at org.openqa.selenium.remote.RemoteWebDriver.execute(RemoteWebDriver.java:541)
	at org.openqa.selenium.remote.RemoteWebElement.execute(RemoteWebElement.java:257)
	at org.openqa.selenium.remote.RemoteWebElement.click(RemoteWebElement.java:78)
	at sun.reflect.GeneratedMethodAccessor2.invoke(Unknown Source)
	at sun.reflect.DelegatingMethodAccessorImpl.invoke(DelegatingMethodAccessorImpl.java:43)
	at java.lang.reflect.Method.invoke(Method.java:498)
	at org.openqa.selenium.support.pagefactory.internal.LocatingElementHandler.invoke(LocatingElementHandler.java:52)
	at com.sun.proxy.$Proxy16.click(Unknown Source)
	at com.way2automation.utility.Utility.clickOnElement(Utility.java:57)
	at com.way2automation.pages.HomePage.clickOnCustomerLoginButton(HomePage.java:27)
	at com.way2automation.testsuite.BankTest.customerShouldWithdrawMoneySuccessfully(BankTest.java:120)
	at sun.reflect.NativeMethodAccessorImpl.invoke0(Native Method)
	at sun.reflect.NativeMethodAccessorImpl.invoke(NativeMethodAccessorImpl.java:62)
	at sun.reflect.DelegatingMethodAccessorImpl.invoke(DelegatingMethodAccessorImpl.java:43)
	at java.lang.reflect.Method.invoke(Method.java:498)
	at org.testng.internal.invokers.MethodInvocationHelper.invokeMethod(MethodInvocationHelper.java:135)
	at org.testng.internal.invokers.TestInvoker.invokeMethod(TestInvoker.java:673)
	at org.testng.internal.invokers.TestInvoker.invokeTestMethod(TestInvoker.java:220)
	at org.testng.internal.invokers.MethodRunner.runInSequence(MethodRunner.java:50)
	at org.testng.internal.invokers.TestInvoker$MethodInvocationAgent.invoke(TestInvoker.java:945)
	at org.testng.internal.invokers.TestInvoker.invokeTestMethods(TestInvoker.java:193)
	at org.testng.internal.invokers.TestMethodWorker.invokeTestMethods(TestMethodWorker.java:146)
	at org.testng.internal.invokers.TestMethodWorker.run(TestMethodWorker.java:128)
	at java.util.ArrayList.forEach(ArrayList.java:1249)
	at org.testng.TestRunner.privateRun(TestRunner.java:808)
	at org.testng.TestRunner.run(TestRunner.java:603)
	at org.testng.SuiteRunner.runTest(SuiteRunner.java:429)
	at org.testng.SuiteRunner.runSequentially(SuiteRunner.java:423)
	at org.testng.SuiteRunner.privateRun(SuiteRunner.java:383)
	at org.testng.SuiteRunner.run(SuiteRunner.java:326)
	at org.testng.SuiteRunnerWorker.runSuite(SuiteRunnerWorker.java:52)
	at org.testng.SuiteRunnerWorker.run(SuiteRunnerWorker.java:95)
	at org.testng.TestNG.runSuitesSequentially(TestNG.java:1249)
	at org.testng.TestNG.runSuitesLocally(TestNG.java:1169)
	at org.testng.TestNG.runSuites(TestNG.java:1092)
	at org.testng.TestNG.run(TestNG.java:1060)
	at com.intellij.rt.testng.IDEARemoteTestNG.run(IDEARemoteTestNG.java:66)
	at com.intellij.rt.testng.RemoteTestNGStarter.main(RemoteTestNGStarter.java:109)
</pre></div></td>
<td>1</td>
<td>com.way2automation.testsuite.BankTest@4493d195</td></tr>
</table><p>
<table width='100%' border='1' class='invocation-passed'>
<tr><td colspan='4' align='center'><b>PASSED TESTS</b></td></tr>
<tr><td><b>Test method</b></td>
<td width="30%"><b>Exception</b></td>
<td width="10%"><b>Time (seconds)</b></td>
<td><b>Instance</b></td>
</tr>
<tr>
<td title='com.way2automation.testsuite.BankTest.bankManagerShouldAddCustomerSuccessfully()'><b>bankManagerShouldAddCustomerSuccessfully</b><br>Test class: com.way2automation.testsuite.BankTest<br/>
<a href="#Output-980533504" onClick='toggleBox("Output-980533504", this, "Show output", "Hide output");'>Show output</a>

<a href="#Output-980533504" onClick="toggleAllBoxes();">Show all outputs</a>
<div class='log' id="Output-980533504">
Click on addCustomer button : [[ChromeDriver: chrome on WINDOWS (4c97fe8670bef8266aaa56b9f7452c0f)] -> xpath: //body/div[3]/div[1]/div[2]/div[1]/div[1]/button[1]]<br/>
Enter first name : [[ChromeDriver: chrome on WINDOWS (4c97fe8670bef8266aaa56b9f7452c0f)] -> xpath: /html[1]/body[1]/div[3]/div[1]/div[2]/div[1]/div[2]/div[1]/div[1]/form[1]/div[1]/input[1]]<br/>
Enter last name : [[ChromeDriver: chrome on WINDOWS (4c97fe8670bef8266aaa56b9f7452c0f)] -> xpath: //input[@placeholder='Last Name']]<br/>
Enter postcode : [[ChromeDriver: chrome on WINDOWS (4c97fe8670bef8266aaa56b9f7452c0f)] -> xpath: //input[@placeholder='Post Code']]<br/>
Click on add customer button : [[ChromeDriver: chrome on WINDOWS (4c97fe8670bef8266aaa56b9f7452c0f)] -> xpath: //button[text()='Add Customer']]<br/>
</div>
</td>
<td></td>
<td>1</td>
<td>com.way2automation.testsuite.BankTest@4493d195</td></tr>
<tr>
<td title='com.way2automation.testsuite.BankTest.customerShouldLoginAndLogoutSuceessfully()'><b>customerShouldLoginAndLogoutSuceessfully</b><br>Test class: com.way2automation.testsuite.BankTest<br/>
<a href="#Output-1269826537" onClick='toggleBox("Output-1269826537", this, "Show output", "Hide output");'>Show output</a>

<a href="#Output-1269826537" onClick="toggleAllBoxes();">Show all outputs</a>
<div class='log' id="Output-1269826537">
Enter first name : [[ChromeDriver: chrome on WINDOWS (fc02575d6a1e92a33f6b33ee1e96b8fd)] -> xpath: /html[1]/body[1]/div[3]/div[1]/div[2]/div[1]/div[2]/div[1]/div[1]/form[1]/div[1]/input[1]]<br/>
Enter last name : [[ChromeDriver: chrome on WINDOWS (fc02575d6a1e92a33f6b33ee1e96b8fd)] -> xpath: //input[@placeholder='Last Name']]<br/>
Enter postcode : [[ChromeDriver: chrome on WINDOWS (fc02575d6a1e92a33f6b33ee1e96b8fd)] -> xpath: //input[@placeholder='Post Code']]<br/>
Click on add customer button : [[ChromeDriver: chrome on WINDOWS (fc02575d6a1e92a33f6b33ee1e96b8fd)] -> xpath: //button[text()='Add Customer']]<br/>
</div>
</td>
<td></td>
<td>4</td>
<td>com.way2automation.testsuite.BankTest@4493d195</td></tr>
<tr>
<td title='com.way2automation.testsuite.BankTest.customerShouldDepositMoneySuccessfully()'><b>customerShouldDepositMoneySuccessfully</b><br>Test class: com.way2automation.testsuite.BankTest<br/>
<a href="#Output-1175154004" onClick='toggleBox("Output-1175154004", this, "Show output", "Hide output");'>Show output</a>

<a href="#Output-1175154004" onClick="toggleAllBoxes();">Show all outputs</a>
<div class='log' id="Output-1175154004">
Enter first name : [[ChromeDriver: chrome on WINDOWS (3af80a0388165be8601cdd88020cc6b9)] -> xpath: /html[1]/body[1]/div[3]/div[1]/div[2]/div[1]/div[2]/div[1]/div[1]/form[1]/div[1]/input[1]]<br/>
Enter last name : [[ChromeDriver: chrome on WINDOWS (3af80a0388165be8601cdd88020cc6b9)] -> xpath: //input[@placeholder='Last Name']]<br/>
Enter postcode : [[ChromeDriver: chrome on WINDOWS (3af80a0388165be8601cdd88020cc6b9)] -> xpath: //input[@placeholder='Post Code']]<br/>
Click on add customer button : [[ChromeDriver: chrome on WINDOWS (3af80a0388165be8601cdd88020cc6b9)] -> xpath: //button[text()='Add Customer']]<br/>
click on deposit button [[ChromeDriver: chrome on WINDOWS (3af80a0388165be8601cdd88020cc6b9)] -> xpath: //button[@ng-click='deposit()']]<br/>
Enter amount : [[ChromeDriver: chrome on WINDOWS (3af80a0388165be8601cdd88020cc6b9)] -> xpath: //input[@placeholder='amount']]<br/>
Click on deposit button [[ChromeDriver: chrome on WINDOWS (3af80a0388165be8601cdd88020cc6b9)] -> xpath: //body/div[3]/div[1]/div[2]/div[1]/div[4]/div[1]/form[1]/button[1]]<br/>
Verify message : [[ChromeDriver: chrome on WINDOWS (3af80a0388165be8601cdd88020cc6b9)] -> xpath: //span[contains(text(),'Deposit Successful')]]<br/>
</div>
</td>
<td></td>
<td>4</td>
<td>com.way2automation.testsuite.BankTest@4493d195</td></tr>
</table><p>
</body>
</html>